Using pre-set license
Built from '2020.3/staging' branch; Version is '2020.3.25f1 (9b9180224418) revision 10195328'; Using compiler version '192528614'; Build Type 'Release'
OS: 'Windows 10  (10.0.19045) 64bit Core' Language: 'de' Physical Memory: 16306 MB
BatchMode: 1, IsHumanControllingUs: 0, StartBugReporterOnCrash: 0, Is64bit: 1, IsPro: 0

COMMAND LINE ARGUMENTS:
C:\Program Files\Unity\Hub\Editor\2020.3.25f1\Editor\Unity.exe
-adb2
-batchMode
-noUpm
-name
AssetImportWorker0
-projectPath
C:/Program Files/Progammierung Lernen/Github/Unity c#/CubeUnity/Arastafari (Cube)
-logFile
Logs/AssetImportWorker0.log
-srvPort
50269
Successfully changed project path to: C:/Program Files/Progammierung Lernen/Github/Unity c#/CubeUnity/Arastafari (Cube)
C:/Program Files/Progammierung Lernen/Github/Unity c#/CubeUnity/Arastafari (Cube)
Using Asset Import Pipeline V2.
Refreshing native plugins compatible for Editor in 29.02 ms, found 2 plugins.
Preloading 0 native plugins for Editor in 0.00 ms.
Initialize engine version: 2020.3.25f1 (9b9180224418)
[Subsystems] Discovering subsystems at path C:/Program Files/Unity/Hub/Editor/2020.3.25f1/Editor/Data/Resources/UnitySubsystems
[Subsystems] Discovering subsystems at path C:/Program Files/Progammierung Lernen/Github/Unity c#/CubeUnity/Arastafari (Cube)/Assets
GfxDevice: creating device client; threaded=0
Direct3D:
    Version:  Direct3D 11.0 [level 11.1]
    Renderer: NVIDIA GeForce RTX 2070 SUPER (ID=0x1e84)
    Vendor:   
    VRAM:     8003 MB
    Driver:   31.0.15.2698
Initialize mono
Mono path[0] = 'C:/Program Files/Unity/Hub/Editor/2020.3.25f1/Editor/Data/Managed'
Mono path[1] = 'C:/Program Files/Unity/Hub/Editor/2020.3.25f1/Editor/Data/MonoBleedingEdge/lib/mono/unityjit'
Mono config path = 'C:/Program Files/Unity/Hub/Editor/2020.3.25f1/Editor/Data/MonoBleedingEdge/etc'
Using monoOptions --debugger-agent=transport=dt_socket,embedding=1,server=y,suspend=n,address=127.0.0.1:56432
Begin MonoManager ReloadAssembly
Registering precompiled unity dll's ...
Register platform support module: C:/Program Files/Unity/Hub/Editor/2020.3.25f1/Editor/Data/PlaybackEngines/WebGLSupport/UnityEditor.WebGL.Extensions.dll
Register platform support module: C:/Program Files/Unity/Hub/Editor/2020.3.25f1/Editor/Data/PlaybackEngines/WindowsStandaloneSupport/UnityEditor.WindowsStandalone.Extensions.dll
Registered in 0.001953 seconds.
Native extension for WindowsStandalone target not found
Native extension for WebGL target not found
Refreshing native plugins compatible for Editor in 28.31 ms, found 2 plugins.
Preloading 0 native plugins for Editor in 0.00 ms.
Mono: successfully reloaded assembly
- Completed reload, in  0.478 seconds
Domain Reload Profiling:
	ReloadAssembly (478ms)
		BeginReloadAssembly (45ms)
			ExecutionOrderSort (0ms)
			DisableScriptedObjects (0ms)
			BackupInstance (0ms)
			ReleaseScriptingObjects (0ms)
			CreateAndSetChildDomain (1ms)
		EndReloadAssembly (373ms)
			LoadAssemblies (43ms)
			RebuildTransferFunctionScriptingTraits (0ms)
			SetupTypeCache (119ms)
			ReleaseScriptCaches (0ms)
			RebuildScriptCaches (29ms)
			SetupLoadedEditorAssemblies (139ms)
				LogAssemblyErrors (0ms)
				InitializePlatformSupportModulesInManaged (4ms)
				SetLoadedEditorAssemblies (0ms)
				RefreshPlugins (28ms)
				BeforeProcessingInitializeOnLoad (14ms)
				ProcessInitializeOnLoadAttributes (69ms)
				ProcessInitializeOnLoadMethodAttributes (23ms)
				AfterProcessingInitializeOnLoad (0ms)
				EditorAssembliesLoaded (0ms)
			ExecutionOrderSort2 (0ms)
			AwakeInstancesAfterBackupRestoration (0ms)
Platform modules already initialized, skipping
Registering precompiled user dll's ...
Registered in 0.003759 seconds.
Begin MonoManager ReloadAssembly
Native extension for WindowsStandalone target not found
Native extension for WebGL target not found
Refreshing native plugins compatible for Editor in 0.33 ms, found 2 plugins.
Preloading 0 native plugins for Editor in 0.00 ms.
Mono: successfully reloaded assembly
- Completed reload, in  0.829 seconds
Domain Reload Profiling:
	ReloadAssembly (830ms)
		BeginReloadAssembly (116ms)
			ExecutionOrderSort (0ms)
			DisableScriptedObjects (4ms)
			BackupInstance (0ms)
			ReleaseScriptingObjects (0ms)
			CreateAndSetChildDomain (15ms)
		EndReloadAssembly (664ms)
			LoadAssemblies (67ms)
			RebuildTransferFunctionScriptingTraits (0ms)
			SetupTypeCache (218ms)
			ReleaseScriptCaches (0ms)
			RebuildScriptCaches (40ms)
			SetupLoadedEditorAssemblies (261ms)
				LogAssemblyErrors (0ms)
				InitializePlatformSupportModulesInManaged (5ms)
				SetLoadedEditorAssemblies (0ms)
				RefreshPlugins (0ms)
				BeforeProcessingInitializeOnLoad (69ms)
				ProcessInitializeOnLoadAttributes (172ms)
				ProcessInitializeOnLoadMethodAttributes (8ms)
				AfterProcessingInitializeOnLoad (6ms)
				EditorAssembliesLoaded (0ms)
			ExecutionOrderSort2 (0ms)
			AwakeInstancesAfterBackupRestoration (5ms)
Platform modules already initialized, skipping
========================================================================
Worker process is ready to serve import requests
Launched and connected shader compiler UnityShaderCompiler.exe after 0.03 seconds
Refreshing native plugins compatible for Editor in 0.32 ms, found 2 plugins.
Preloading 0 native plugins for Editor in 0.00 ms.
Unloading 1562 Unused Serialized files (Serialized files now loaded: 0)
System memory in use before: 90.4 MB.
System memory in use after: 90.5 MB.

Unloading 19 unused Assets to reduce memory usage. Loaded Objects now: 2015.
Total: 2.192900 ms (FindLiveObjects: 0.135000 ms CreateObjectMapping: 0.057800 ms MarkObjects: 1.946400 ms  DeleteObjects: 0.052900 ms)

AssetImportParameters requested are different than current active one (requested -> active):
  custom:framework-win-MediaFoundation: 216162199b28c13a410421893ffa2e32 -> 
  custom:video-decoder-ogg-theora: a1e56fd34408186e4bbccfd4996cb3dc -> 
  custom:container-muxer-webm: aa71ff27fc2769a1b78a27578f13a17b -> 
  custom:container-demuxer-webm: 4f35f7cbe854078d1ac9338744f61a02 -> 
  custom:container-demuxer-ogg: 62fdf1f143b41e24485cea50d1cbac27 -> 
  custom:video-encoder-webm-vp8: eb34c28f22e8b96e1ab97ce403110664 -> 
  custom:video-decoder-webm-vp8: 9c59270c3fd7afecdb556c50c9e8de78 -> 
  custom:audio-decoder-ogg-vorbis: bf7c407c2cedff20999df2af8eb42d56 -> 
  custom:audio-encoder-webm-vorbis: bf7c407c2cedff20999df2af8eb42d56 -> 
========================================================================
Received Import Request.
  path: Assets/TextMesh Pro/Examples & Extras/Prefabs/TextMeshPro - Prefab 2.prefab
  artifactKey: Guid(fdad9d952ae84cafb74c63f2e694d042) Importer(815301076,1909f56bfc062723c751e8b465ee728b)
Start importing Assets/TextMesh Pro/Examples & Extras/Prefabs/TextMeshPro - Prefab 2.prefab using Guid(fdad9d952ae84cafb74c63f2e694d042) Importer(815301076,1909f56bfc062723c751e8b465ee728b)  -> (artifact id: '6777d6ad2c9cd11bbf348ce2e66a73eb') in 0.080734 seconds 
  Import took 0.082988 seconds .

========================================================================
Received Import Request.
  Time since last request: 0.000281 seconds.
  path: Assets/TextMesh Pro/Examples & Extras/Prefabs/Text Popup.prefab
  artifactKey: Guid(b06f0e6c1dfa4356ac918da1bb32c603) Importer(815301076,1909f56bfc062723c751e8b465ee728b)
Start importing Assets/TextMesh Pro/Examples & Extras/Prefabs/Text Popup.prefab using Guid(b06f0e6c1dfa4356ac918da1bb32c603) Importer(815301076,1909f56bfc062723c751e8b465ee728b)  -> (artifact id: '9940af339e5557192e1099bb86c310b5') in 0.034781 seconds 
  Import took 0.036784 seconds .

========================================================================
Received Import Request.
  Time since last request: 0.000128 seconds.
  path: Assets/TextMesh Pro/Examples & Extras/Prefabs/TextMeshPro - Prefab 1.prefab
  artifactKey: Guid(a6e39ced0ea046bcb636c3f0b2e2a745) Importer(815301076,1909f56bfc062723c751e8b465ee728b)
Start importing Assets/TextMesh Pro/Examples & Extras/Prefabs/TextMeshPro - Prefab 1.prefab using Guid(a6e39ced0ea046bcb636c3f0b2e2a745) Importer(815301076,1909f56bfc062723c751e8b465ee728b)  -> (artifact id: 'b6f094c60e95d6190626b7df4efc519f') in 0.024535 seconds 
  Import took 0.026501 seconds .

========================================================================
Received Import Request.
  Time since last request: 10.882714 seconds.
  path: Assets/Prefabs/Main Camera.prefab
  artifactKey: Guid(f93ba2e58c44953429175aee185a4c1b) Importer(815301076,1909f56bfc062723c751e8b465ee728b)
Start importing Assets/Prefabs/Main Camera.prefab using Guid(f93ba2e58c44953429175aee185a4c1b) Importer(815301076,1909f56bfc062723c751e8b465ee728b)  -> (artifact id: '10a58ace1ea8391e726fc1152b12476d') in 0.006993 seconds 
  Import took 0.009211 seconds .

========================================================================
Received Prepare
Registering precompiled user dll's ...
Registered in 0.003515 seconds.
Begin MonoManager ReloadAssembly
Native extension for WindowsStandalone target not found
Native extension for WebGL target not found
Refreshing native plugins compatible for Editor in 0.33 ms, found 2 plugins.
Preloading 0 native plugins for Editor in 0.00 ms.
Mono: successfully reloaded assembly
- Completed reload, in  0.793 seconds
Domain Reload Profiling:
	ReloadAssembly (793ms)
		BeginReloadAssembly (102ms)
			ExecutionOrderSort (0ms)
			DisableScriptedObjects (4ms)
			BackupInstance (0ms)
			ReleaseScriptingObjects (0ms)
			CreateAndSetChildDomain (27ms)
		EndReloadAssembly (641ms)
			LoadAssemblies (67ms)
			RebuildTransferFunctionScriptingTraits (0ms)
			SetupTypeCache (217ms)
			ReleaseScriptCaches (1ms)
			RebuildScriptCaches (35ms)
			SetupLoadedEditorAssemblies (247ms)
				LogAssemblyErrors (0ms)
				InitializePlatformSupportModulesInManaged (4ms)
				SetLoadedEditorAssemblies (0ms)
				RefreshPlugins (0ms)
				BeforeProcessingInitializeOnLoad (64ms)
				ProcessInitializeOnLoadAttributes (165ms)
				ProcessInitializeOnLoadMethodAttributes (7ms)
				AfterProcessingInitializeOnLoad (5ms)
				EditorAssembliesLoaded (0ms)
			ExecutionOrderSort2 (0ms)
			AwakeInstancesAfterBackupRestoration (5ms)
Platform modules already initialized, skipping
Refreshing native plugins compatible for Editor in 0.34 ms, found 2 plugins.
Preloading 0 native plugins for Editor in 0.00 ms.
Unloading 1543 Unused Serialized files (Serialized files now loaded: 0)
System memory in use before: 89.0 MB.
System memory in use after: 89.1 MB.

Unloading 15 unused Assets to reduce memory usage. Loaded Objects now: 2017.
Total: 2.199700 ms (FindLiveObjects: 0.129000 ms CreateObjectMapping: 0.054100 ms MarkObjects: 1.998900 ms  DeleteObjects: 0.016900 ms)

AssetImportParameters requested are different than current active one (requested -> active):
  custom:framework-win-MediaFoundation: 216162199b28c13a410421893ffa2e32 -> 
  custom:video-decoder-ogg-theora: a1e56fd34408186e4bbccfd4996cb3dc -> 
  custom:container-muxer-webm: aa71ff27fc2769a1b78a27578f13a17b -> 
  custom:container-demuxer-webm: 4f35f7cbe854078d1ac9338744f61a02 -> 
  custom:container-demuxer-ogg: 62fdf1f143b41e24485cea50d1cbac27 -> 
  custom:video-encoder-webm-vp8: eb34c28f22e8b96e1ab97ce403110664 -> 
  custom:video-decoder-webm-vp8: 9c59270c3fd7afecdb556c50c9e8de78 -> 
  custom:audio-decoder-ogg-vorbis: bf7c407c2cedff20999df2af8eb42d56 -> 
  custom:audio-encoder-webm-vorbis: bf7c407c2cedff20999df2af8eb42d56 -> 
========================================================================
Received Import Request.
  Time since last request: 49.560074 seconds.
  path: Assets/Prefabs/Main Camera.prefab
  artifactKey: Guid(f93ba2e58c44953429175aee185a4c1b) Importer(815301076,1909f56bfc062723c751e8b465ee728b)
Start importing Assets/Prefabs/Main Camera.prefab using Guid(f93ba2e58c44953429175aee185a4c1b) Importer(815301076,1909f56bfc062723c751e8b465ee728b)  -> (artifact id: 'bfce786fcb51a33efb71362b1de2b7a0') in 0.024268 seconds 
  Import took 0.026315 seconds .

========================================================================
Received Prepare
Registering precompiled user dll's ...
Registered in 0.003551 seconds.
Begin MonoManager ReloadAssembly
Native extension for WindowsStandalone target not found
Native extension for WebGL target not found
Refreshing native plugins compatible for Editor in 0.33 ms, found 2 plugins.
Preloading 0 native plugins for Editor in 0.00 ms.
Mono: successfully reloaded assembly
- Completed reload, in  0.788 seconds
Domain Reload Profiling:
	ReloadAssembly (789ms)
		BeginReloadAssembly (90ms)
			ExecutionOrderSort (0ms)
			DisableScriptedObjects (4ms)
			BackupInstance (0ms)
			ReleaseScriptingObjects (0ms)
			CreateAndSetChildDomain (26ms)
		EndReloadAssembly (649ms)
			LoadAssemblies (67ms)
			RebuildTransferFunctionScriptingTraits (0ms)
			SetupTypeCache (213ms)
			ReleaseScriptCaches (1ms)
			RebuildScriptCaches (37ms)
			SetupLoadedEditorAssemblies (255ms)
				LogAssemblyErrors (0ms)
				InitializePlatformSupportModulesInManaged (5ms)
				SetLoadedEditorAssemblies (0ms)
				RefreshPlugins (0ms)
				BeforeProcessingInitializeOnLoad (70ms)
				ProcessInitializeOnLoadAttributes (167ms)
				ProcessInitializeOnLoadMethodAttributes (7ms)
				AfterProcessingInitializeOnLoad (6ms)
				EditorAssembliesLoaded (0ms)
			ExecutionOrderSort2 (0ms)
			AwakeInstancesAfterBackupRestoration (6ms)
Platform modules already initialized, skipping
Refreshing native plugins compatible for Editor in 0.33 ms, found 2 plugins.
Preloading 0 native plugins for Editor in 0.00 ms.
Unloading 1543 Unused Serialized files (Serialized files now loaded: 0)
System memory in use before: 89.0 MB.
System memory in use after: 89.2 MB.

Unloading 14 unused Assets to reduce memory usage. Loaded Objects now: 2019.
Total: 2.107400 ms (FindLiveObjects: 0.126500 ms CreateObjectMapping: 0.047100 ms MarkObjects: 1.920900 ms  DeleteObjects: 0.012200 ms)

AssetImportParameters requested are different than current active one (requested -> active):
  custom:framework-win-MediaFoundation: 216162199b28c13a410421893ffa2e32 -> 
  custom:video-decoder-ogg-theora: a1e56fd34408186e4bbccfd4996cb3dc -> 
  custom:container-muxer-webm: aa71ff27fc2769a1b78a27578f13a17b -> 
  custom:container-demuxer-webm: 4f35f7cbe854078d1ac9338744f61a02 -> 
  custom:container-demuxer-ogg: 62fdf1f143b41e24485cea50d1cbac27 -> 
  custom:video-encoder-webm-vp8: eb34c28f22e8b96e1ab97ce403110664 -> 
  custom:video-decoder-webm-vp8: 9c59270c3fd7afecdb556c50c9e8de78 -> 
  custom:audio-decoder-ogg-vorbis: bf7c407c2cedff20999df2af8eb42d56 -> 
  custom:audio-encoder-webm-vorbis: bf7c407c2cedff20999df2af8eb42d56 -> 
========================================================================
Received Prepare
Registering precompiled user dll's ...
Registered in 0.003718 seconds.
Begin MonoManager ReloadAssembly
Native extension for WindowsStandalone target not found
Native extension for WebGL target not found
Refreshing native plugins compatible for Editor in 0.33 ms, found 2 plugins.
Preloading 0 native plugins for Editor in 0.00 ms.
Mono: successfully reloaded assembly
- Completed reload, in  0.767 seconds
Domain Reload Profiling:
	ReloadAssembly (768ms)
		BeginReloadAssembly (86ms)
			ExecutionOrderSort (0ms)
			DisableScriptedObjects (4ms)
			BackupInstance (0ms)
			ReleaseScriptingObjects (0ms)
			CreateAndSetChildDomain (25ms)
		EndReloadAssembly (629ms)
			LoadAssemblies (68ms)
			RebuildTransferFunctionScriptingTraits (0ms)
			SetupTypeCache (211ms)
			ReleaseScriptCaches (1ms)
			RebuildScriptCaches (35ms)
			SetupLoadedEditorAssemblies (241ms)
				LogAssemblyErrors (0ms)
				InitializePlatformSupportModulesInManaged (5ms)
				SetLoadedEditorAssemblies (0ms)
				RefreshPlugins (0ms)
				BeforeProcessingInitializeOnLoad (63ms)
				ProcessInitializeOnLoadAttributes (160ms)
				ProcessInitializeOnLoadMethodAttributes (7ms)
				AfterProcessingInitializeOnLoad (5ms)
				EditorAssembliesLoaded (0ms)
			ExecutionOrderSort2 (0ms)
			AwakeInstancesAfterBackupRestoration (5ms)
Platform modules already initialized, skipping
Refreshing native plugins compatible for Editor in 0.33 ms, found 2 plugins.
Preloading 0 native plugins for Editor in 0.00 ms.
Unloading 1543 Unused Serialized files (Serialized files now loaded: 0)
System memory in use before: 89.1 MB.
System memory in use after: 89.2 MB.

Unloading 14 unused Assets to reduce memory usage. Loaded Objects now: 2021.
Total: 2.011800 ms (FindLiveObjects: 0.121300 ms CreateObjectMapping: 0.046300 ms MarkObjects: 1.831600 ms  DeleteObjects: 0.012000 ms)

AssetImportParameters requested are different than current active one (requested -> active):
  custom:framework-win-MediaFoundation: 216162199b28c13a410421893ffa2e32 -> 
  custom:video-decoder-ogg-theora: a1e56fd34408186e4bbccfd4996cb3dc -> 
  custom:container-muxer-webm: aa71ff27fc2769a1b78a27578f13a17b -> 
  custom:container-demuxer-webm: 4f35f7cbe854078d1ac9338744f61a02 -> 
  custom:container-demuxer-ogg: 62fdf1f143b41e24485cea50d1cbac27 -> 
  custom:video-encoder-webm-vp8: eb34c28f22e8b96e1ab97ce403110664 -> 
  custom:video-decoder-webm-vp8: 9c59270c3fd7afecdb556c50c9e8de78 -> 
  custom:audio-decoder-ogg-vorbis: bf7c407c2cedff20999df2af8eb42d56 -> 
  custom:audio-encoder-webm-vorbis: bf7c407c2cedff20999df2af8eb42d56 -> 
========================================================================
Received Import Request.
  Time since last request: 13408.167363 seconds.
  path: Assets/Materials
  artifactKey: Guid(d30d5a926d3b0d64fa7a7c0e6120918a) Importer(815301076,1909f56bfc062723c751e8b465ee728b)
Start importing Assets/Materials using Guid(d30d5a926d3b0d64fa7a7c0e6120918a) Importer(815301076,1909f56bfc062723c751e8b465ee728b)  -> (artifact id: '8415f0afbb1143d3e60592982e4046d8') in 0.053286 seconds 
  Import took 0.094818 seconds .

========================================================================
Received Prepare
Registering precompiled user dll's ...
Registered in 0.124054 seconds.
Begin MonoManager ReloadAssembly
Native extension for WindowsStandalone target not found
Native extension for WebGL target not found
Refreshing native plugins compatible for Editor in 0.40 ms, found 2 plugins.
Preloading 0 native plugins for Editor in 0.00 ms.
Mono: successfully reloaded assembly
- Completed reload, in  0.946 seconds
Domain Reload Profiling:
	ReloadAssembly (948ms)
		BeginReloadAssembly (156ms)
			ExecutionOrderSort (0ms)
			DisableScriptedObjects (11ms)
			BackupInstance (0ms)
			ReleaseScriptingObjects (0ms)
			CreateAndSetChildDomain (60ms)
		EndReloadAssembly (735ms)
			LoadAssemblies (85ms)
			RebuildTransferFunctionScriptingTraits (0ms)
			SetupTypeCache (255ms)
			ReleaseScriptCaches (1ms)
			RebuildScriptCaches (39ms)
			SetupLoadedEditorAssemblies (271ms)
				LogAssemblyErrors (0ms)
				InitializePlatformSupportModulesInManaged (5ms)
				SetLoadedEditorAssemblies (1ms)
				RefreshPlugins (0ms)
				BeforeProcessingInitializeOnLoad (70ms)
				ProcessInitializeOnLoadAttributes (181ms)
				ProcessInitializeOnLoadMethodAttributes (8ms)
				AfterProcessingInitializeOnLoad (6ms)
				EditorAssembliesLoaded (0ms)
			ExecutionOrderSort2 (0ms)
			AwakeInstancesAfterBackupRestoration (6ms)
Platform modules already initialized, skipping
Refreshing native plugins compatible for Editor in 0.34 ms, found 2 plugins.
Preloading 0 native plugins for Editor in 0.00 ms.
Unloading 1543 Unused Serialized files (Serialized files now loaded: 0)
System memory in use before: 89.1 MB.
System memory in use after: 89.2 MB.

Unloading 14 unused Assets to reduce memory usage. Loaded Objects now: 2023.
Total: 2.239300 ms (FindLiveObjects: 0.137300 ms CreateObjectMapping: 0.058400 ms MarkObjects: 2.027500 ms  DeleteObjects: 0.015300 ms)

AssetImportParameters requested are different than current active one (requested -> active):
  custom:framework-win-MediaFoundation: 216162199b28c13a410421893ffa2e32 -> 
  custom:video-decoder-ogg-theora: a1e56fd34408186e4bbccfd4996cb3dc -> 
  custom:container-muxer-webm: aa71ff27fc2769a1b78a27578f13a17b -> 
  custom:container-demuxer-webm: 4f35f7cbe854078d1ac9338744f61a02 -> 
  custom:container-demuxer-ogg: 62fdf1f143b41e24485cea50d1cbac27 -> 
  custom:video-encoder-webm-vp8: eb34c28f22e8b96e1ab97ce403110664 -> 
  custom:video-decoder-webm-vp8: 9c59270c3fd7afecdb556c50c9e8de78 -> 
  custom:audio-decoder-ogg-vorbis: bf7c407c2cedff20999df2af8eb42d56 -> 
  custom:audio-encoder-webm-vorbis: bf7c407c2cedff20999df2af8eb42d56 -> 
========================================================================
Received Import Request.
  Time since last request: 374.460217 seconds.
  path: Assets/Scenes/Level1.unity
  artifactKey: Guid(854f8ed4b726fa444b91a1758bcb7ef4) Importer(815301076,1909f56bfc062723c751e8b465ee728b)
Start importing Assets/Scenes/Level1.unity using Guid(854f8ed4b726fa444b91a1758bcb7ef4) Importer(815301076,1909f56bfc062723c751e8b465ee728b)  -> (artifact id: '58ace29da5de392c6baca8703dbadc43') in 0.066536 seconds 
  Import took 0.068664 seconds .

========================================================================
Received Prepare
Registering precompiled user dll's ...
Registered in 0.003420 seconds.
Begin MonoManager ReloadAssembly
Native extension for WindowsStandalone target not found
Native extension for WebGL target not found
Refreshing native plugins compatible for Editor in 0.33 ms, found 2 plugins.
Preloading 0 native plugins for Editor in 0.00 ms.
Mono: successfully reloaded assembly
- Completed reload, in  0.766 seconds
Domain Reload Profiling:
	ReloadAssembly (766ms)
		BeginReloadAssembly (87ms)
			ExecutionOrderSort (0ms)
			DisableScriptedObjects (4ms)
			BackupInstance (0ms)
			ReleaseScriptingObjects (0ms)
			CreateAndSetChildDomain (25ms)
		EndReloadAssembly (629ms)
			LoadAssemblies (67ms)
			RebuildTransferFunctionScriptingTraits (0ms)
			SetupTypeCache (211ms)
			ReleaseScriptCaches (1ms)
			RebuildScriptCaches (35ms)
			SetupLoadedEditorAssemblies (241ms)
				LogAssemblyErrors (0ms)
				InitializePlatformSupportModulesInManaged (5ms)
				SetLoadedEditorAssemblies (0ms)
				RefreshPlugins (0ms)
				BeforeProcessingInitializeOnLoad (63ms)
				ProcessInitializeOnLoadAttributes (160ms)
				ProcessInitializeOnLoadMethodAttributes (7ms)
				AfterProcessingInitializeOnLoad (5ms)
				EditorAssembliesLoaded (0ms)
			ExecutionOrderSort2 (0ms)
			AwakeInstancesAfterBackupRestoration (5ms)
Platform modules already initialized, skipping
Refreshing native plugins compatible for Editor in 0.35 ms, found 2 plugins.
Preloading 0 native plugins for Editor in 0.00 ms.
Unloading 1543 Unused Serialized files (Serialized files now loaded: 0)
System memory in use before: 89.1 MB.
System memory in use after: 89.2 MB.

Unloading 14 unused Assets to reduce memory usage. Loaded Objects now: 2025.
Total: 2.085200 ms (FindLiveObjects: 0.121900 ms CreateObjectMapping: 0.046600 ms MarkObjects: 1.905100 ms  DeleteObjects: 0.010900 ms)

AssetImportParameters requested are different than current active one (requested -> active):
  custom:framework-win-MediaFoundation: 216162199b28c13a410421893ffa2e32 -> 
  custom:video-decoder-ogg-theora: a1e56fd34408186e4bbccfd4996cb3dc -> 
  custom:container-muxer-webm: aa71ff27fc2769a1b78a27578f13a17b -> 
  custom:container-demuxer-webm: 4f35f7cbe854078d1ac9338744f61a02 -> 
  custom:container-demuxer-ogg: 62fdf1f143b41e24485cea50d1cbac27 -> 
  custom:video-encoder-webm-vp8: eb34c28f22e8b96e1ab97ce403110664 -> 
  custom:video-decoder-webm-vp8: 9c59270c3fd7afecdb556c50c9e8de78 -> 
  custom:audio-decoder-ogg-vorbis: bf7c407c2cedff20999df2af8eb42d56 -> 
  custom:audio-encoder-webm-vorbis: bf7c407c2cedff20999df2af8eb42d56 -> 
========================================================================
Received Import Request.
  Time since last request: 33.900336 seconds.
  path: Assets/Scenes/Level2.unity
  artifactKey: Guid(597eaacc844a5bf46944511223509023) Importer(815301076,1909f56bfc062723c751e8b465ee728b)
Start importing Assets/Scenes/Level2.unity using Guid(597eaacc844a5bf46944511223509023) Importer(815301076,1909f56bfc062723c751e8b465ee728b)  -> (artifact id: '3a7b36b6671e29b3f7f24542d91bdaca') in 0.016482 seconds 
  Import took 0.018462 seconds .

========================================================================
Received Import Request.
  Time since last request: 11.264618 seconds.
  path: Assets/Scenes/Level2.unity
  artifactKey: Guid(597eaacc844a5bf46944511223509023) Importer(815301076,1909f56bfc062723c751e8b465ee728b)
Start importing Assets/Scenes/Level2.unity using Guid(597eaacc844a5bf46944511223509023) Importer(815301076,1909f56bfc062723c751e8b465ee728b)  -> (artifact id: '233384941b9a686ce7abb357ca45afb2') in 0.002538 seconds 
  Import took 0.004600 seconds .

========================================================================
Received Import Request.
  Time since last request: 16.367426 seconds.
  path: Assets/Scenes/Level3.unity
  artifactKey: Guid(cd83043acfbf17d46ad270b0b98b0e98) Importer(815301076,1909f56bfc062723c751e8b465ee728b)
Start importing Assets/Scenes/Level3.unity using Guid(cd83043acfbf17d46ad270b0b98b0e98) Importer(815301076,1909f56bfc062723c751e8b465ee728b)  -> (artifact id: 'e1a1a650f97e3fd56157cffe685435fe') in 0.005827 seconds 
  Import took 0.007941 seconds .

========================================================================
Received Import Request.
  Time since last request: 3.088862 seconds.
  path: Assets/Scenes/Level4.unity
  artifactKey: Guid(787bd5f6b70a51e419c8fc55d1713ccb) Importer(815301076,1909f56bfc062723c751e8b465ee728b)
Start importing Assets/Scenes/Level4.unity using Guid(787bd5f6b70a51e419c8fc55d1713ccb) Importer(815301076,1909f56bfc062723c751e8b465ee728b)  -> (artifact id: 'd83691a8e89b740823a02853c3befd64') in 0.005172 seconds 
  Import took 0.007231 seconds .

========================================================================
Received Import Request.
  Time since last request: 6.182704 seconds.
  path: Assets/Scenes/Level5.unity
  artifactKey: Guid(e90490cc99576294f87aec24ce811b22) Importer(815301076,1909f56bfc062723c751e8b465ee728b)
Start importing Assets/Scenes/Level5.unity using Guid(e90490cc99576294f87aec24ce811b22) Importer(815301076,1909f56bfc062723c751e8b465ee728b)  -> (artifact id: 'bd028350e6f7f04fbb9f5f61ce415c5b') in 0.005283 seconds 
  Import took 0.007372 seconds .

========================================================================
Received Import Request.
  Time since last request: 75.317003 seconds.
  path: Assets/Skybox/1/Materials
  artifactKey: Guid(072cc60b0eba75041b47556f100e9fe6) Importer(815301076,1909f56bfc062723c751e8b465ee728b)
Start importing Assets/Skybox/1/Materials using Guid(072cc60b0eba75041b47556f100e9fe6) Importer(815301076,1909f56bfc062723c751e8b465ee728b)  -> (artifact id: 'eb5b8a500d515e58eb43dc256df556f1') in 0.007292 seconds 
  Import took 0.009618 seconds .

========================================================================
Received Import Request.
  Time since last request: 2.081314 seconds.
  path: Assets/Skybox/2/Materials
  artifactKey: Guid(f658da766e409024495dbf5b645ebb06) Importer(815301076,1909f56bfc062723c751e8b465ee728b)
Start importing Assets/Skybox/2/Materials using Guid(f658da766e409024495dbf5b645ebb06) Importer(815301076,1909f56bfc062723c751e8b465ee728b)  -> (artifact id: '175222495d3ba2542eeb8f441eec5c2c') in 0.002464 seconds 
  Import took 0.004505 seconds .

========================================================================
Received Import Request.
  Time since last request: 0.880154 seconds.
  path: Assets/Skybox/3
  artifactKey: Guid(a8e2d58ce78fd1547b5875f2e56c5b7e) Importer(815301076,1909f56bfc062723c751e8b465ee728b)
Start importing Assets/Skybox/3 using Guid(a8e2d58ce78fd1547b5875f2e56c5b7e) Importer(815301076,1909f56bfc062723c751e8b465ee728b)  -> (artifact id: '31f9039415e9433f88cfce7abb53c4b8') in 0.005817 seconds 
  Import took 0.008046 seconds .

========================================================================
Received Import Request.
  Time since last request: 0.058529 seconds.
  path: Assets/Skybox/3/back.png
  artifactKey: Guid(2441f18a437abf542898a28491d6e739) Importer(815301076,1909f56bfc062723c751e8b465ee728b)
Start importing Assets/Skybox/3/back.png using Guid(2441f18a437abf542898a28491d6e739) Importer(815301076,1909f56bfc062723c751e8b465ee728b)  -> (artifact id: '8d48dbdefe50f5c0f0df73aeab0b48d8') in 0.051197 seconds 
  Import took 0.053313 seconds .

========================================================================
Received Import Request.
  Time since last request: 0.000196 seconds.
  path: Assets/Skybox/3/front.png
  artifactKey: Guid(f15b3b38bed55bc469e55a570e712766) Importer(815301076,1909f56bfc062723c751e8b465ee728b)
Start importing Assets/Skybox/3/front.png using Guid(f15b3b38bed55bc469e55a570e712766) Importer(815301076,1909f56bfc062723c751e8b465ee728b)  -> (artifact id: '43552d073c5f7226c18842e2802a1083') in 0.024671 seconds 
  Import took 0.026576 seconds .

========================================================================
Received Import Request.
  Time since last request: 0.000142 seconds.
  path: Assets/Skybox/3/left.png
  artifactKey: Guid(f3db11d171af1e94f91be789c49df521) Importer(815301076,1909f56bfc062723c751e8b465ee728b)
Start importing Assets/Skybox/3/left.png using Guid(f3db11d171af1e94f91be789c49df521) Importer(815301076,1909f56bfc062723c751e8b465ee728b)  -> (artifact id: 'd7b737ac1d95d7f2a0a79dddbd253918') in 0.024612 seconds 
  Import took 0.026642 seconds .

========================================================================
Received Import Request.
  Time since last request: 0.000129 seconds.
  path: Assets/Skybox/3/top.png
  artifactKey: Guid(e8c4897889b722b4dae7d2bef6aff17a) Importer(815301076,1909f56bfc062723c751e8b465ee728b)
Start importing Assets/Skybox/3/top.png using Guid(e8c4897889b722b4dae7d2bef6aff17a) Importer(815301076,1909f56bfc062723c751e8b465ee728b)  -> (artifact id: 'c9569effad67b8b05fb1275239f3172d') in 0.019816 seconds 
  Import took 0.021755 seconds .

========================================================================
Received Import Request.
  Time since last request: 0.000157 seconds.
  path: Assets/Skybox/3/bottom.png
  artifactKey: Guid(29f0b7bf2433c6f46ac2d2fb09e5f911) Importer(815301076,1909f56bfc062723c751e8b465ee728b)
Start importing Assets/Skybox/3/bottom.png using Guid(29f0b7bf2433c6f46ac2d2fb09e5f911) Importer(815301076,1909f56bfc062723c751e8b465ee728b)  -> (artifact id: '1df4ec3e4891b1839edbd2518bc9999e') in 0.019287 seconds 
  Import took 0.021417 seconds .

========================================================================
Received Import Request.
  Time since last request: 0.000155 seconds.
  path: Assets/Skybox/3/cubemap.png
  artifactKey: Guid(6e84a7af1f4b2d6468b9b0ad37b4dae5) Importer(815301076,1909f56bfc062723c751e8b465ee728b)
Start importing Assets/Skybox/3/cubemap.png using Guid(6e84a7af1f4b2d6468b9b0ad37b4dae5) Importer(815301076,1909f56bfc062723c751e8b465ee728b)  -> (artifact id: '1a0b1bd68f02f4a0c0e34518e34a6eda') in 0.036772 seconds 
  Import took 0.039229 seconds .

========================================================================
Received Import Request.
  Time since last request: 0.000141 seconds.
  path: Assets/Skybox/3/right.png
  artifactKey: Guid(0d950468f09f18546a48c2ad264c4376) Importer(815301076,1909f56bfc062723c751e8b465ee728b)
Start importing Assets/Skybox/3/right.png using Guid(0d950468f09f18546a48c2ad264c4376) Importer(815301076,1909f56bfc062723c751e8b465ee728b)  -> (artifact id: '7825dfa33caa198d9cf0fea602f87f14') in 0.020357 seconds 
  Import took 0.022444 seconds .

========================================================================
Received Import Request.
  Time since last request: 1.191624 seconds.
  path: Assets/Skybox/4
  artifactKey: Guid(00d124d671ab669478d891ea4d8b831a) Importer(815301076,1909f56bfc062723c751e8b465ee728b)
Start importing Assets/Skybox/4 using Guid(00d124d671ab669478d891ea4d8b831a) Importer(815301076,1909f56bfc062723c751e8b465ee728b)  -> (artifact id: '4d569b7f394ae4a1b3ed0ca40fb56e57') in 0.006017 seconds 
  Import took 0.008114 seconds .

========================================================================
Received Import Request.
  Time since last request: 0.057521 seconds.
  path: Assets/Skybox/4/back.png
  artifactKey: Guid(ec0c03761c09fc648974f3a57d987a00) Importer(815301076,1909f56bfc062723c751e8b465ee728b)
Start importing Assets/Skybox/4/back.png using Guid(ec0c03761c09fc648974f3a57d987a00) Importer(815301076,1909f56bfc062723c751e8b465ee728b)  -> (artifact id: 'e8114cd9ae5d46a3452811e8a2d21621') in 0.016977 seconds 
  Import took 0.019172 seconds .

========================================================================
Received Import Request.
  Time since last request: 0.000157 seconds.
  path: Assets/Skybox/4/cubemap.png
  artifactKey: Guid(32e93ecf705553146a848618bf89fa4f) Importer(815301076,1909f56bfc062723c751e8b465ee728b)
Start importing Assets/Skybox/4/cubemap.png using Guid(32e93ecf705553146a848618bf89fa4f) Importer(815301076,1909f56bfc062723c751e8b465ee728b)  -> (artifact id: '8271cc8a35aa72ec6610e25e9bc30461') in 0.024268 seconds 
  Import took 0.026313 seconds .

========================================================================
Received Import Request.
  Time since last request: 0.000171 seconds.
  path: Assets/Skybox/4/top.png
  artifactKey: Guid(521e8190352b8f74b8b1045614606da4) Importer(815301076,1909f56bfc062723c751e8b465ee728b)
Start importing Assets/Skybox/4/top.png using Guid(521e8190352b8f74b8b1045614606da4) Importer(815301076,1909f56bfc062723c751e8b465ee728b)  -> (artifact id: '07e6d6fab46d7c3a3acc1e9c413df4fa') in 0.017868 seconds 
  Import took 0.019884 seconds .

========================================================================
Received Import Request.
  Time since last request: 0.000141 seconds.
  path: Assets/Skybox/4/bottom.png
  artifactKey: Guid(b384b2443c77fee47a1a6f4a8e2e2fe0) Importer(815301076,1909f56bfc062723c751e8b465ee728b)
Start importing Assets/Skybox/4/bottom.png using Guid(b384b2443c77fee47a1a6f4a8e2e2fe0) Importer(815301076,1909f56bfc062723c751e8b465ee728b)  -> (artifact id: '76cef49438fb53a8bdbe079fae06d205') in 0.018205 seconds 
  Import took 0.020377 seconds .

========================================================================
Received Import Request.
  Time since last request: 0.000134 seconds.
  path: Assets/Skybox/4/left.png
  artifactKey: Guid(ae03b158d0902814a9c3ab71b51400c1) Importer(815301076,1909f56bfc062723c751e8b465ee728b)
Start importing Assets/Skybox/4/left.png using Guid(ae03b158d0902814a9c3ab71b51400c1) Importer(815301076,1909f56bfc062723c751e8b465ee728b)  -> (artifact id: '3cefd5270b5f8334a6e87063d95490db') in 0.016497 seconds 
  Import took 0.018647 seconds .

========================================================================
Received Import Request.
  Time since last request: 0.000134 seconds.
  path: Assets/Skybox/4/right.png
  artifactKey: Guid(2bcc2998ef2dfd04ab7b014797461a69) Importer(815301076,1909f56bfc062723c751e8b465ee728b)
Start importing Assets/Skybox/4/right.png using Guid(2bcc2998ef2dfd04ab7b014797461a69) Importer(815301076,1909f56bfc062723c751e8b465ee728b)  -> (artifact id: '285f85d925d55b10da07071978516daa') in 0.019070 seconds 
  Import took 0.021114 seconds .

========================================================================
Received Import Request.
  Time since last request: 0.000136 seconds.
  path: Assets/Skybox/4/front.png
  artifactKey: Guid(79e2824e793c56646bbe9b56ba8002b1) Importer(815301076,1909f56bfc062723c751e8b465ee728b)
Start importing Assets/Skybox/4/front.png using Guid(79e2824e793c56646bbe9b56ba8002b1) Importer(815301076,1909f56bfc062723c751e8b465ee728b)  -> (artifact id: '13e153fa32597edb969e434b25c8226b') in 0.016931 seconds 
  Import took 0.019006 seconds .

========================================================================
Received Import Request.
  Time since last request: 1.177994 seconds.
  path: Assets/Skybox/5
  artifactKey: Guid(5bc3a19b03768ce47a1e763d57897a7e) Importer(815301076,1909f56bfc062723c751e8b465ee728b)
Start importing Assets/Skybox/5 using Guid(5bc3a19b03768ce47a1e763d57897a7e) Importer(815301076,1909f56bfc062723c751e8b465ee728b)  -> (artifact id: '4ac0e9b8a296d0076b79d05a36345e80') in 0.005479 seconds 
  Import took 0.007575 seconds .

========================================================================
Received Import Request.
  Time since last request: 0.043009 seconds.
  path: Assets/Skybox/5/back.png
  artifactKey: Guid(910fbab26fd8507468073f16c5a229ed) Importer(815301076,1909f56bfc062723c751e8b465ee728b)
Start importing Assets/Skybox/5/back.png using Guid(910fbab26fd8507468073f16c5a229ed) Importer(815301076,1909f56bfc062723c751e8b465ee728b)  -> (artifact id: 'dc95581b5deebe80c86a5d94e4154b2d') in 0.016421 seconds 
  Import took 0.018474 seconds .

========================================================================
Received Import Request.
  Time since last request: 0.000118 seconds.
  path: Assets/Skybox/5/cubemap.png
  artifactKey: Guid(f4ef91dd8b534b6439b2afd366173b19) Importer(815301076,1909f56bfc062723c751e8b465ee728b)
Start importing Assets/Skybox/5/cubemap.png using Guid(f4ef91dd8b534b6439b2afd366173b19) Importer(815301076,1909f56bfc062723c751e8b465ee728b)  -> (artifact id: '70b1f25f09b6ebb0bee07c661acc3bd2') in 0.025015 seconds 
  Import took 0.026904 seconds .

========================================================================
Received Import Request.
  Time since last request: 0.000120 seconds.
  path: Assets/Skybox/5/top.png
  artifactKey: Guid(188945d01693eda48bff5f82307cbfd9) Importer(815301076,1909f56bfc062723c751e8b465ee728b)
Start importing Assets/Skybox/5/top.png using Guid(188945d01693eda48bff5f82307cbfd9) Importer(815301076,1909f56bfc062723c751e8b465ee728b)  -> (artifact id: '7ab70852fb98e63b7571ed9effbc8067') in 0.016205 seconds 
  Import took 0.018121 seconds .

========================================================================
Received Import Request.
  Time since last request: 0.000130 seconds.
  path: Assets/Skybox/5/front.png
  artifactKey: Guid(098b03962de827240b872da33b15ea91) Importer(815301076,1909f56bfc062723c751e8b465ee728b)
Start importing Assets/Skybox/5/front.png using Guid(098b03962de827240b872da33b15ea91) Importer(815301076,1909f56bfc062723c751e8b465ee728b)  -> (artifact id: 'c852e43193d218eb4f40048bb7b5c8aa') in 0.020308 seconds 
  Import took 0.022401 seconds .

========================================================================
Received Import Request.
  Time since last request: 0.000110 seconds.
  path: Assets/Skybox/5/left.png
  artifactKey: Guid(2ff240fd2229abc428b64c2a7dad98a3) Importer(815301076,1909f56bfc062723c751e8b465ee728b)
Start importing Assets/Skybox/5/left.png using Guid(2ff240fd2229abc428b64c2a7dad98a3) Importer(815301076,1909f56bfc062723c751e8b465ee728b)  -> (artifact id: 'ba4b44b0f0e2e260b6ef4140c37ad979') in 0.016955 seconds 
  Import took 0.019109 seconds .

========================================================================
Received Import Request.
  Time since last request: 0.000136 seconds.
  path: Assets/Skybox/5/bottom.png
  artifactKey: Guid(1e56adcb41ec9ab49aa24a23d3891a10) Importer(815301076,1909f56bfc062723c751e8b465ee728b)
Start importing Assets/Skybox/5/bottom.png using Guid(1e56adcb41ec9ab49aa24a23d3891a10) Importer(815301076,1909f56bfc062723c751e8b465ee728b)  -> (artifact id: 'e8b40b7680e40cac9f2268bf8ab5b9d0') in 0.018694 seconds 
  Import took 0.020795 seconds .

========================================================================
Received Import Request.
  Time since last request: 0.000125 seconds.
  path: Assets/Skybox/5/right.png
  artifactKey: Guid(3a27b10e8737ab44ab2567b1844acd93) Importer(815301076,1909f56bfc062723c751e8b465ee728b)
Start importing Assets/Skybox/5/right.png using Guid(3a27b10e8737ab44ab2567b1844acd93) Importer(815301076,1909f56bfc062723c751e8b465ee728b)  -> (artifact id: 'ffa63a09968b7c60ad64675c47f40a78') in 0.018228 seconds 
  Import took 0.020277 seconds .

========================================================================
Received Prepare
Registering precompiled user dll's ...
Registered in 0.003524 seconds.
Begin MonoManager ReloadAssembly
Native extension for WindowsStandalone target not found
Native extension for WebGL target not found
Refreshing native plugins compatible for Editor in 0.33 ms, found 2 plugins.
Preloading 0 native plugins for Editor in 0.00 ms.
Mono: successfully reloaded assembly
- Completed reload, in  0.793 seconds
Domain Reload Profiling:
	ReloadAssembly (793ms)
		BeginReloadAssembly (101ms)
			ExecutionOrderSort (0ms)
			DisableScriptedObjects (4ms)
			BackupInstance (0ms)
			ReleaseScriptingObjects (0ms)
			CreateAndSetChildDomain (25ms)
		EndReloadAssembly (642ms)
			LoadAssemblies (69ms)
			RebuildTransferFunctionScriptingTraits (0ms)
			SetupTypeCache (216ms)
			ReleaseScriptCaches (1ms)
			RebuildScriptCaches (34ms)
			SetupLoadedEditorAssemblies (244ms)
				LogAssemblyErrors (0ms)
				InitializePlatformSupportModulesInManaged (5ms)
				SetLoadedEditorAssemblies (0ms)
				RefreshPlugins (0ms)
				BeforeProcessingInitializeOnLoad (64ms)
				ProcessInitializeOnLoadAttributes (162ms)
				ProcessInitializeOnLoadMethodAttributes (7ms)
				AfterProcessingInitializeOnLoad (5ms)
				EditorAssembliesLoaded (0ms)
			ExecutionOrderSort2 (0ms)
			AwakeInstancesAfterBackupRestoration (6ms)
Platform modules already initialized, skipping
Refreshing native plugins compatible for Editor in 0.35 ms, found 2 plugins.
Preloading 0 native plugins for Editor in 0.00 ms.
Unloading 1543 Unused Serialized files (Serialized files now loaded: 0)
System memory in use before: 89.1 MB.
System memory in use after: 89.3 MB.

Unloading 14 unused Assets to reduce memory usage. Loaded Objects now: 2029.
Total: 2.298200 ms (FindLiveObjects: 0.117700 ms CreateObjectMapping: 0.045200 ms MarkObjects: 2.119500 ms  DeleteObjects: 0.014900 ms)

AssetImportParameters requested are different than current active one (requested -> active):
  custom:framework-win-MediaFoundation: 216162199b28c13a410421893ffa2e32 -> 
  custom:video-decoder-ogg-theora: a1e56fd34408186e4bbccfd4996cb3dc -> 
  custom:container-muxer-webm: aa71ff27fc2769a1b78a27578f13a17b -> 
  custom:container-demuxer-webm: 4f35f7cbe854078d1ac9338744f61a02 -> 
  custom:container-demuxer-ogg: 62fdf1f143b41e24485cea50d1cbac27 -> 
  custom:video-encoder-webm-vp8: eb34c28f22e8b96e1ab97ce403110664 -> 
  custom:video-decoder-webm-vp8: 9c59270c3fd7afecdb556c50c9e8de78 -> 
  custom:audio-decoder-ogg-vorbis: bf7c407c2cedff20999df2af8eb42d56 -> 
  custom:audio-encoder-webm-vorbis: bf7c407c2cedff20999df2af8eb42d56 -> 
========================================================================
Received Import Request.
  Time since last request: 217.917014 seconds.
  path: Assets/Scenes/Level2.unity
  artifactKey: Guid(597eaacc844a5bf46944511223509023) Importer(815301076,1909f56bfc062723c751e8b465ee728b)
Start importing Assets/Scenes/Level2.unity using Guid(597eaacc844a5bf46944511223509023) Importer(815301076,1909f56bfc062723c751e8b465ee728b)  -> (artifact id: '3e646c2e7e1c263ccce9398ce92ec47f') in 0.014596 seconds 
  Import took 0.016594 seconds .

========================================================================
Received Import Request.
  Time since last request: 13.401847 seconds.
  path: Assets/Scenes/Level2
  artifactKey: Guid(f963c5bb1f0483a4e9a4428e2ae1de57) Importer(815301076,1909f56bfc062723c751e8b465ee728b)
Start importing Assets/Scenes/Level2 using Guid(f963c5bb1f0483a4e9a4428e2ae1de57) Importer(815301076,1909f56bfc062723c751e8b465ee728b)  -> (artifact id: '6dfea3e2d2c59f7a4967702e2642abd6') in 0.006054 seconds 
  Import took 0.008252 seconds .

========================================================================
Received Prepare
Registering precompiled user dll's ...
Registered in 0.003675 seconds.
Begin MonoManager ReloadAssembly
Native extension for WindowsStandalone target not found
Native extension for WebGL target not found
Refreshing native plugins compatible for Editor in 0.33 ms, found 2 plugins.
Preloading 0 native plugins for Editor in 0.00 ms.
Mono: successfully reloaded assembly
- Completed reload, in  0.779 seconds
Domain Reload Profiling:
	ReloadAssembly (779ms)
		BeginReloadAssembly (91ms)
			ExecutionOrderSort (0ms)
			DisableScriptedObjects (4ms)
			BackupInstance (0ms)
			ReleaseScriptingObjects (0ms)
			CreateAndSetChildDomain (25ms)
		EndReloadAssembly (638ms)
			LoadAssemblies (69ms)
			RebuildTransferFunctionScriptingTraits (0ms)
			SetupTypeCache (213ms)
			ReleaseScriptCaches (1ms)
			RebuildScriptCaches (35ms)
			SetupLoadedEditorAssemblies (243ms)
				LogAssemblyErrors (0ms)
				InitializePlatformSupportModulesInManaged (4ms)
				SetLoadedEditorAssemblies (0ms)
				RefreshPlugins (0ms)
				BeforeProcessingInitializeOnLoad (63ms)
				ProcessInitializeOnLoadAttributes (161ms)
				ProcessInitializeOnLoadMethodAttributes (7ms)
				AfterProcessingInitializeOnLoad (6ms)
				EditorAssembliesLoaded (0ms)
			ExecutionOrderSort2 (0ms)
			AwakeInstancesAfterBackupRestoration (6ms)
Platform modules already initialized, skipping
Refreshing native plugins compatible for Editor in 0.33 ms, found 2 plugins.
Preloading 0 native plugins for Editor in 0.00 ms.
Unloading 1543 Unused Serialized files (Serialized files now loaded: 0)
System memory in use before: 89.2 MB.
System memory in use after: 89.3 MB.

Unloading 14 unused Assets to reduce memory usage. Loaded Objects now: 2031.
Total: 2.148200 ms (FindLiveObjects: 0.126800 ms CreateObjectMapping: 0.046500 ms MarkObjects: 1.962600 ms  DeleteObjects: 0.011500 ms)

AssetImportParameters requested are different than current active one (requested -> active):
  custom:framework-win-MediaFoundation: 216162199b28c13a410421893ffa2e32 -> 
  custom:video-decoder-ogg-theora: a1e56fd34408186e4bbccfd4996cb3dc -> 
  custom:container-muxer-webm: aa71ff27fc2769a1b78a27578f13a17b -> 
  custom:container-demuxer-webm: 4f35f7cbe854078d1ac9338744f61a02 -> 
  custom:container-demuxer-ogg: 62fdf1f143b41e24485cea50d1cbac27 -> 
  custom:video-encoder-webm-vp8: eb34c28f22e8b96e1ab97ce403110664 -> 
  custom:video-decoder-webm-vp8: 9c59270c3fd7afecdb556c50c9e8de78 -> 
  custom:audio-decoder-ogg-vorbis: bf7c407c2cedff20999df2af8eb42d56 -> 
  custom:audio-encoder-webm-vorbis: bf7c407c2cedff20999df2af8eb42d56 -> 
========================================================================
Received Prepare
Registering precompiled user dll's ...
Registered in 0.003673 seconds.
Begin MonoManager ReloadAssembly
Native extension for WindowsStandalone target not found
Native extension for WebGL target not found
Refreshing native plugins compatible for Editor in 0.33 ms, found 2 plugins.
Preloading 0 native plugins for Editor in 0.00 ms.
Mono: successfully reloaded assembly
- Completed reload, in  0.776 seconds
Domain Reload Profiling:
	ReloadAssembly (776ms)
		BeginReloadAssembly (83ms)
			ExecutionOrderSort (0ms)
			DisableScriptedObjects (4ms)
			BackupInstance (0ms)
			ReleaseScriptingObjects (0ms)
			CreateAndSetChildDomain (24ms)
		EndReloadAssembly (643ms)
			LoadAssemblies (67ms)
			RebuildTransferFunctionScriptingTraits (0ms)
			SetupTypeCache (210ms)
			ReleaseScriptCaches (1ms)
			RebuildScriptCaches (36ms)
			SetupLoadedEditorAssemblies (250ms)
				LogAssemblyErrors (0ms)
				InitializePlatformSupportModulesInManaged (5ms)
				SetLoadedEditorAssemblies (0ms)
				RefreshPlugins (0ms)
				BeforeProcessingInitializeOnLoad (63ms)
				ProcessInitializeOnLoadAttributes (168ms)
				ProcessInitializeOnLoadMethodAttributes (7ms)
				AfterProcessingInitializeOnLoad (6ms)
				EditorAssembliesLoaded (0ms)
			ExecutionOrderSort2 (0ms)
			AwakeInstancesAfterBackupRestoration (6ms)
Platform modules already initialized, skipping
Refreshing native plugins compatible for Editor in 0.35 ms, found 2 plugins.
Preloading 0 native plugins for Editor in 0.00 ms.
Unloading 1543 Unused Serialized files (Serialized files now loaded: 0)
System memory in use before: 89.2 MB.
System memory in use after: 89.3 MB.

Unloading 14 unused Assets to reduce memory usage. Loaded Objects now: 2033.
Total: 2.047800 ms (FindLiveObjects: 0.123000 ms CreateObjectMapping: 0.045200 ms MarkObjects: 1.867700 ms  DeleteObjects: 0.011400 ms)

AssetImportParameters requested are different than current active one (requested -> active):
  custom:framework-win-MediaFoundation: 216162199b28c13a410421893ffa2e32 -> 
  custom:video-decoder-ogg-theora: a1e56fd34408186e4bbccfd4996cb3dc -> 
  custom:container-muxer-webm: aa71ff27fc2769a1b78a27578f13a17b -> 
  custom:container-demuxer-webm: 4f35f7cbe854078d1ac9338744f61a02 -> 
  custom:container-demuxer-ogg: 62fdf1f143b41e24485cea50d1cbac27 -> 
  custom:video-encoder-webm-vp8: eb34c28f22e8b96e1ab97ce403110664 -> 
  custom:video-decoder-webm-vp8: 9c59270c3fd7afecdb556c50c9e8de78 -> 
  custom:audio-decoder-ogg-vorbis: bf7c407c2cedff20999df2af8eb42d56 -> 
  custom:audio-encoder-webm-vorbis: bf7c407c2cedff20999df2af8eb42d56 -> 
========================================================================
Received Prepare
Registering precompiled user dll's ...
Registered in 0.003319 seconds.
Begin MonoManager ReloadAssembly
Native extension for WindowsStandalone target not found
Native extension for WebGL target not found
Refreshing native plugins compatible for Editor in 0.32 ms, found 2 plugins.
Preloading 0 native plugins for Editor in 0.00 ms.
Mono: successfully reloaded assembly
- Completed reload, in  0.770 seconds
Domain Reload Profiling:
	ReloadAssembly (770ms)
		BeginReloadAssembly (89ms)
			ExecutionOrderSort (0ms)
			DisableScriptedObjects (4ms)
			BackupInstance (0ms)
			ReleaseScriptingObjects (0ms)
			CreateAndSetChildDomain (23ms)
		EndReloadAssembly (631ms)
			LoadAssemblies (67ms)
			RebuildTransferFunctionScriptingTraits (0ms)
			SetupTypeCache (211ms)
			ReleaseScriptCaches (1ms)
			RebuildScriptCaches (34ms)
			SetupLoadedEditorAssemblies (243ms)
				LogAssemblyErrors (0ms)
				InitializePlatformSupportModulesInManaged (5ms)
				SetLoadedEditorAssemblies (0ms)
				RefreshPlugins (0ms)
				BeforeProcessingInitializeOnLoad (63ms)
				ProcessInitializeOnLoadAttributes (161ms)
				ProcessInitializeOnLoadMethodAttributes (7ms)
				AfterProcessingInitializeOnLoad (6ms)
				EditorAssembliesLoaded (0ms)
			ExecutionOrderSort2 (0ms)
			AwakeInstancesAfterBackupRestoration (6ms)
Platform modules already initialized, skipping
Refreshing native plugins compatible for Editor in 0.34 ms, found 2 plugins.
Preloading 0 native plugins for Editor in 0.00 ms.
Unloading 1543 Unused Serialized files (Serialized files now loaded: 0)
System memory in use before: 89.2 MB.
System memory in use after: 89.3 MB.

Unloading 14 unused Assets to reduce memory usage. Loaded Objects now: 2035.
Total: 2.143800 ms (FindLiveObjects: 0.123700 ms CreateObjectMapping: 0.047500 ms MarkObjects: 1.961400 ms  DeleteObjects: 0.010800 ms)

AssetImportParameters requested are different than current active one (requested -> active):
  custom:framework-win-MediaFoundation: 216162199b28c13a410421893ffa2e32 -> 
  custom:video-decoder-ogg-theora: a1e56fd34408186e4bbccfd4996cb3dc -> 
  custom:container-muxer-webm: aa71ff27fc2769a1b78a27578f13a17b -> 
  custom:container-demuxer-webm: 4f35f7cbe854078d1ac9338744f61a02 -> 
  custom:container-demuxer-ogg: 62fdf1f143b41e24485cea50d1cbac27 -> 
  custom:video-encoder-webm-vp8: eb34c28f22e8b96e1ab97ce403110664 -> 
  custom:video-decoder-webm-vp8: 9c59270c3fd7afecdb556c50c9e8de78 -> 
  custom:audio-decoder-ogg-vorbis: bf7c407c2cedff20999df2af8eb42d56 -> 
  custom:audio-encoder-webm-vorbis: bf7c407c2cedff20999df2af8eb42d56 -> 
========================================================================
Received Import Request.
  Time since last request: 482.859212 seconds.
  path: Assets/Scripts/PlayerCollision.cs
  artifactKey: Guid(5b48de1823904c74f92e7b54273c4a0b) Importer(815301076,1909f56bfc062723c751e8b465ee728b)
Start importing Assets/Scripts/PlayerCollision.cs using Guid(5b48de1823904c74f92e7b54273c4a0b) Importer(815301076,1909f56bfc062723c751e8b465ee728b)  -> (artifact id: '01602777adf275ca5b731f6f868d1b62') in 0.013026 seconds 
  Import took 0.015159 seconds .

AssetImportWorkerClient::OnTransportError - code=2 error=End of file
